0 info it worked if it ends with ok
1 verbose cli [ '/Users/jeremy/.nvm/versions/node/v6.1.0/bin/node',
1 verbose cli   '/Users/jeremy/.nvm/versions/node/v6.1.0/bin/npm',
1 verbose cli   'run',
1 verbose cli   'test' ]
2 info using npm@3.8.6
3 info using node@v6.1.0
4 verbose run-script [ 'pretest', 'test', 'posttest' ]
5 info lifecycle eslint-plugin-unicorn@1.0.0~pretest: eslint-plugin-unicorn@1.0.0
6 silly lifecycle eslint-plugin-unicorn@1.0.0~pretest: no script for pretest, continuing
7 info lifecycle eslint-plugin-unicorn@1.0.0~test: eslint-plugin-unicorn@1.0.0
8 verbose lifecycle eslint-plugin-unicorn@1.0.0~test: unsafe-perm in lifecycle true
9 verbose lifecycle eslint-plugin-unicorn@1.0.0~test: PATH: /Users/jeremy/.nvm/versions/node/v6.1.0/lib/node_modules/npm/bin/node-gyp-bin:/Users/jeremy/code/eslint-plugin-unicorn/node_modules/.bin:/Users/jeremy/.nvm/versions/node/v6.1.0/bin:/Users/jeremy/anaconda/bin:/Library/Frameworks/Python.framework/Versions/3.5/bin:/Users/jeremy/.nvm/versions/node/v6.1.0/bin:/usr/local/mysql/bin:/usr/local/share/python:/usr/local/share/npm/bin:/Users/jeremy/bin:/usr/local/bin:/usr/local/bin:/usr/bin:/bin:/usr/sbin:/sbin:/opt/salt/bin:/usr/local/sbin
10 verbose lifecycle eslint-plugin-unicorn@1.0.0~test: CWD: /Users/jeremy/code/eslint-plugin-unicorn
11 silly lifecycle eslint-plugin-unicorn@1.0.0~test: Args: [ '-c', 'xo && nyc ava' ]
12 silly lifecycle eslint-plugin-unicorn@1.0.0~test: Returned: code: 1  signal: null
13 info lifecycle eslint-plugin-unicorn@1.0.0~test: Failed to exec test script
14 verbose stack Error: eslint-plugin-unicorn@1.0.0 test: `xo && nyc ava`
14 verbose stack Exit status 1
14 verbose stack     at EventEmitter.<anonymous> (/Users/jeremy/.nvm/versions/node/v6.1.0/lib/node_modules/npm/lib/utils/lifecycle.js:239:16)
14 verbose stack     at emitTwo (events.js:106:13)
14 verbose stack     at EventEmitter.emit (events.js:191:7)
14 verbose stack     at ChildProcess.<anonymous> (/Users/jeremy/.nvm/versions/node/v6.1.0/lib/node_modules/npm/lib/utils/spawn.js:24:14)
14 verbose stack     at emitTwo (events.js:106:13)
14 verbose stack     at ChildProcess.emit (events.js:191:7)
14 verbose stack     at maybeClose (internal/child_process.js:850:16)
14 verbose stack     at Process.ChildProcess._handle.onexit (internal/child_process.js:215:5)
15 verbose pkgid eslint-plugin-unicorn@1.0.0
16 verbose cwd /Users/jeremy/code/eslint-plugin-unicorn
17 error Darwin 15.6.0
18 error argv "/Users/jeremy/.nvm/versions/node/v6.1.0/bin/node" "/Users/jeremy/.nvm/versions/node/v6.1.0/bin/npm" "run" "test"
19 error node v6.1.0
20 error npm  v3.8.6
21 error code ELIFECYCLE
22 error eslint-plugin-unicorn@1.0.0 test: `xo && nyc ava`
22 error Exit status 1
23 error Failed at the eslint-plugin-unicorn@1.0.0 test script 'xo && nyc ava'.
23 error Make sure you have the latest version of node.js and npm installed.
23 error If you do, this is most likely a problem with the eslint-plugin-unicorn package,
23 error not with npm itself.
23 error Tell the author that this fails on your system:
23 error     xo && nyc ava
23 error You can get information on how to open an issue for this project with:
23 error     npm bugs eslint-plugin-unicorn
23 error Or if that isn't available, you can get their info via:
23 error     npm owner ls eslint-plugin-unicorn
23 error There is likely additional logging output above.
24 verbose exit [ 1, true ]
